2025-02-19T12:24:16.274+0530 [INFO]  Terraform version: 1.5.7
2025-02-19T12:24:16.275+0530 [DEBUG] using github.com/hashicorp/go-tfe v1.26.0
2025-02-19T12:24:16.275+0530 [DEBUG] using github.com/hashicorp/hcl/v2 v2.16.2
2025-02-19T12:24:16.275+0530 [DEBUG] using github.com/hashicorp/terraform-svchost v0.1.0
2025-02-19T12:24:16.275+0530 [DEBUG] using github.com/zclconf/go-cty v1.12.2
2025-02-19T12:24:16.275+0530 [INFO]  Go runtime version: go1.23.1
2025-02-19T12:24:16.275+0530 [INFO]  CLI args: []string{"terraform", "apply"}
2025-02-19T12:24:16.275+0530 [DEBUG] Attempting to open CLI config file: /Users/nikhil/.terraformrc
2025-02-19T12:24:16.275+0530 [DEBUG] File doesn't exist, but doesn't need to. Ignoring.
2025-02-19T12:24:16.276+0530 [DEBUG] checking for credentials in "/Users/nikhil/.terraform.d/plugins"
2025-02-19T12:24:16.276+0530 [DEBUG] ignoring non-existing provider search directory terraform.d/plugins
2025-02-19T12:24:16.276+0530 [DEBUG] will search for provider plugins in /Users/nikhil/.terraform.d/plugins
2025-02-19T12:24:16.276+0530 [DEBUG] ignoring non-existing provider search directory /Users/nikhil/Library/Application Support/io.terraform/plugins
2025-02-19T12:24:16.276+0530 [DEBUG] ignoring non-existing provider search directory /Library/Application Support/io.terraform/plugins
2025-02-19T12:24:16.277+0530 [INFO]  CLI command args: []string{"apply"}
2025-02-19T12:24:16.279+0530 [DEBUG] New state was assigned lineage "6d17be9a-8742-f2b7-765f-dadbf8266f7b"
2025-02-19T12:24:16.279+0530 [DEBUG] checking for provisioner in "."
2025-02-19T12:24:16.280+0530 [DEBUG] checking for provisioner in "/opt/homebrew/bin"
2025-02-19T12:24:16.280+0530 [DEBUG] checking for provisioner in "/Users/nikhil/.terraform.d/plugins"
2025-02-19T12:24:16.282+0530 [INFO]  backend/local: starting Apply operation
